# JRE version: OpenJDK Runtime Environment Temurin-21.0.10+7 (21.0.10+7) (build 21.0.10+7-LTS)
# Java VM: OpenJDK 64-Bit Server VM Temurin-21.0.10+7 (21.0.10+7-LTS, mixed mode, sharing, tiered, compressed oops, compressed class ptrs, g1 gc, windows-amd64)
GC Precious Log:
 CardTable entry size: 512
 Card Set container configuration: InlinePtr #cards 4 size 8 Array Of Cards #cards 16 size 48 Howl #buckets 8 coarsen threshold 3686 Howl Bitmap #cards 512 size 80 coarsen threshold 460 Card regions per heap region 1 cards per card region 4096
 CPUs: 12 total, 12 available
 Memory: 16068M
 Large Page Support: Disabled
 NUMA Support: Disabled
 Compressed Oops: Enabled (Zero based)
 Heap Region Size: 2M
 Heap Min Capacity: 8M
 Heap Initial Capacity: 252M
 Heap Max Capacity: 4018M
 Pre-touch: Disabled
 Parallel Workers: 10
 Concurrent Workers: 3
 Concurrent Refinement Workers: 10
 Periodic GC: Disabled
Heap:
 garbage-first heap   total 90112K, used 88531K [0x0000000704e00000, 0x0000000800000000)
  region size 2048K, 27 young (55296K), 0 survivors (0K)
 Metaspace       used 31433K, committed 31680K, reserved 1114112K
  class space    used 3937K, committed 4032K, reserved 1048576K
GC Heap History (6 events):
Event: 6.688 GC heap before
{Heap before GC invocations=0 (full 0):
 garbage-first heap   total 258048K, used 24576K [0x0000000704e00000, 0x0000000800000000)
  region size 2048K, 11 young (22528K), 0 survivors (0K)
 Metaspace       used 6587K, committed 6784K, reserved 1114112K
  class space    used 663K, committed 768K, reserved 1048576K
}
Event: 6.696 GC heap after
{Heap after GC invocations=1 (full 0):
 garbage-first heap   total 258048K, used 7263K [0x0000000704e00000, 0x0000000800000000)
  region size 2048K, 2 young (4096K), 2 survivors (4096K)
 Metaspace       used 6587K, committed 6784K, reserved 1114112K
  class space    used 663K, committed 768K, reserved 1048576K
}
Event: 11.135 GC heap before
{Heap before GC invocations=1 (full 0):
 garbage-first heap   total 258048K, used 40031K [0x0000000704e00000, 0x0000000800000000)
  region size 2048K, 19 young (38912K), 2 survivors (4096K)
 Metaspace       used 16687K, committed 16896K, reserved 1114112K
  class space    used 1891K, committed 1984K, reserved 1048576K
}
Event: 11.146 GC heap after
{Heap after GC invocations=2 (full 0):
 garbage-first heap   total 258048K, used 9159K [0x0000000704e00000, 0x0000000800000000)
  region size 2048K, 3 young (6144K), 3 survivors (6144K)
 Metaspace       used 16687K, committed 16896K, reserved 1114112K
  class space    used 1891K, committed 1984K, reserved 1048576K
}
Event: 22.751 GC heap before
{Heap before GC invocations=2 (full 0):
 garbage-first heap   total 258048K, used 84935K [0x0000000704e00000, 0x0000000800000000)
  region size 2048K, 38 young (77824K), 3 survivors (6144K)
 Metaspace       used 21267K, committed 21504K, reserved 1114112K
  class space    used 2714K, committed 2816K, reserved 1048576K
}
Event: 22.790 GC heap after
{Heap after GC invocations=3 (full 0):
 garbage-first heap   total 258048K, used 25043K [0x0000000704e00000, 0x0000000800000000)
  region size 2048K, 9 young (18432K), 9 survivors (18432K)
 Metaspace       used 21267K, committed 21504K, reserved 1114112K
  class space    used 2714K, committed 2816K, reserved 1048576K
}

